DEBUG:root:Order:2 3 10.0
DEBUG:root:Finish turn

DEBUG:root:Order:2 4 10.0
DEBUG:root:Finish turn

DEBUG:root:Order:2 19 15.0
DEBUG:root:Finish turn

DEBUG:root:Order:2 20 15.0
DEBUG:root:Order:2 4 37
DEBUG:root:Finish turn

DEBUG:root:Order:2 15 20.0
DEBUG:root:Bad order:4 3.0 8
DEBUG:root:Finish turn

DEBUG:root:Order:4 16 20.0
DEBUG:root:Order:2 4 3
DEBUG:root:Finish turn

DEBUG:root:Order:2 4 1
DEBUG:root:Finish turn

DEBUG:root:Order:4 0 26.0
DEBUG:root:Order:2 19 15
DEBUG:root:Order:2 4 7
DEBUG:root:Finish turn

DEBUG:root:Order:2 19 2
DEBUG:root:Order:2 4 1
DEBUG:root:Finish turn

DEBUG:root:Order:2 19 1
DEBUG:root:Order:2 4 2
DEBUG:root:Finish turn

DEBUG:root:Order:2 19 1
DEBUG:root:Finish turn

DEBUG:root:Order:2 15 10
DEBUG:root:Order:4 15 7
DEBUG:root:Order:19 15 4
DEBUG:root:Finish turn

DEBUG:root:Order:2 15 2
DEBUG:root:Order:2 19 1
DEBUG:root:Finish turn

DEBUG:root:Order:2 19 1
DEBUG:root:Order:2 4 2
DEBUG:root:Finish turn

DEBUG:root:Order:2 19 1
DEBUG:root:Finish turn

DEBUG:root:Order:2 19 2
DEBUG:root:Finish turn

DEBUG:root:Order:2 19 3
DEBUG:root:Order:2 4 1
DEBUG:root:Finish turn

DEBUG:root:Order:2 19 1
DEBUG:root:Order:2 4 1
DEBUG:root:Order:15 4 1
DEBUG:root:Finish turn

DEBUG:root:Order:2 19 1
DEBUG:root:Finish turn

DEBUG:root:Order:15 9 40.0
DEBUG:root:Order:2 15 12
DEBUG:root:Order:4 15 9
DEBUG:root:Order:19 15 6
DEBUG:root:Finish turn

DEBUG:root:Order:2 0 11
DEBUG:root:Order:4 0 8
DEBUG:root:Order:19 0 7
DEBUG:root:Order:15 0 6
DEBUG:root:Finish turn

DEBUG:root:Order:2 0 3
DEBUG:root:Order:15 0 1
DEBUG:root:Order:15 19 1
DEBUG:root:Finish turn

DEBUG:root:Order:2 0 2
DEBUG:root:Order:2 19 1
DEBUG:root:Finish turn

DEBUG:root:Order:2 19 1
DEBUG:root:Order:2 4 2
DEBUG:root:Finish turn

DEBUG:root:Order:2 19 1
DEBUG:root:Finish turn

DEBUG:root:Order:2 19 2
DEBUG:root:Finish turn

DEBUG:root:Order:2 19 3
DEBUG:root:Order:2 4 1
DEBUG:root:Finish turn

DEBUG:root:Order:2 19 1
DEBUG:root:Order:2 4 1
DEBUG:root:Order:15 4 1
DEBUG:root:Finish turn

DEBUG:root:Order:2 19 1
DEBUG:root:Finish turn

DEBUG:root:Order:2 19 2
DEBUG:root:Finish turn

DEBUG:root:Order:2 19 3
DEBUG:root:Order:2 4 1
DEBUG:root:Finish turn

DEBUG:root:Order:2 10 40.0
DEBUG:root:Order:15 2 11
DEBUG:root:Order:4 2 9
DEBUG:root:Order:19 2 8
DEBUG:root:Finish turn

DEBUG:root:Order:2 19 1
DEBUG:root:Order:2 4 1
DEBUG:root:Finish turn

DEBUG:root:Order:2 19 1
DEBUG:root:Finish turn

DEBUG:root:Order:2 9 18
DEBUG:root:Order:15 9 16
DEBUG:root:Order:4 9 14
DEBUG:root:Order:19 9 12
DEBUG:root:Finish turn

DEBUG:root:Order:2 9 2
DEBUG:root:Order:2 19 1
DEBUG:root:Order:2 4 2
DEBUG:root:Finish turn

DEBUG:root:Order:4 19 1
DEBUG:root:Order:15 19 1
DEBUG:root:Finish turn

DEBUG:root:Order:2 19 1
DEBUG:root:Order:2 4 2
DEBUG:root:Finish turn

DEBUG:root:Order:2 19 1
DEBUG:root:Finish turn

DEBUG:root:Order:2 19 2
DEBUG:root:Finish turn

DEBUG:root:Order:2 19 13
DEBUG:root:Order:15 19 11
DEBUG:root:Order:4 19 9
DEBUG:root:Finish turn

DEBUG:root:Order:2 19 1
DEBUG:root:Order:2 4 2
DEBUG:root:Finish turn

DEBUG:root:Order:2 19 1
DEBUG:root:Finish turn

DEBUG:root:Order:2 9 18
DEBUG:root:Order:15 9 16
DEBUG:root:Order:4 9 15
DEBUG:root:Order:19 9 12
DEBUG:root:Finish turn

DEBUG:root:Order:2 9 1
DEBUG:root:Order:2 19 1
DEBUG:root:Order:2 4 2
DEBUG:root:Finish turn

DEBUG:root:Order:19 5 46.0
DEBUG:root:Order:2 19 10
DEBUG:root:Order:4 19 10
DEBUG:root:Order:15 19 10
DEBUG:root:Order:9 19 8
DEBUG:root:Finish turn

DEBUG:root:Order:2 19 2
DEBUG:root:Order:2 4 2
DEBUG:root:Finish turn

DEBUG:root:Order:2 19 1
DEBUG:root:Order:4 19 1
DEBUG:root:Order:4 9 1
DEBUG:root:Finish turn

DEBUG:root:Order:2 4 1
DEBUG:root:Order:2 19 1
DEBUG:root:Order:2 9 2
DEBUG:root:Order:15 9 1
DEBUG:root:Finish turn

DEBUG:root:Order:9 6 46.0
DEBUG:root:Order:2 9 10
DEBUG:root:Order:15 9 10
DEBUG:root:Order:4 9 8
DEBUG:root:Order:19 9 7
DEBUG:root:Finish turn

DEBUG:root:Order:2 19 1
DEBUG:root:Order:2 4 2
DEBUG:root:Finish turn

DEBUG:root:Order:2 19 7
DEBUG:root:Order:4 19 6
DEBUG:root:Order:15 19 6
DEBUG:root:Order:9 19 4
DEBUG:root:Finish turn

DEBUG:root:Order:2 19 2
DEBUG:root:Finish turn

DEBUG:root:Order:2 5 14
DEBUG:root:Order:15 5 12
DEBUG:root:Order:4 5 10
DEBUG:root:Order:9 5 10
DEBUG:root:Order:19 5 8
DEBUG:root:Finish turn

DEBUG:root:Order:2 5 1
DEBUG:root:Order:2 19 1
DEBUG:root:Order:2 4 2
DEBUG:root:Finish turn

DEBUG:root:Order:5 10 10
DEBUG:root:Order:2 10 9
DEBUG:root:Order:4 10 9
DEBUG:root:Order:15 10 9
DEBUG:root:Order:9 10 7
DEBUG:root:Order:19 10 6
DEBUG:root:Finish turn

DEBUG:root:Order:2 10 2
DEBUG:root:Order:5 10 2
DEBUG:root:Finish turn

DEBUG:root:Order:2 19 2
DEBUG:root:Order:5 19 1
DEBUG:root:Order:5 4 1
DEBUG:root:Order:5 9 1
DEBUG:root:Finish turn

DEBUG:root:Order:2 19 2
DEBUG:root:Order:2 4 1
DEBUG:root:Order:2 9 1
DEBUG:root:Finish turn

DEBUG:root:Order:5 19 2
DEBUG:root:Order:5 4 1
DEBUG:root:Order:5 9 1
DEBUG:root:Finish turn

DEBUG:root:Order:2 19 2
DEBUG:root:Order:2 4 1
DEBUG:root:Order:2 9 1
DEBUG:root:Finish turn

DEBUG:root:Order:5 11 54.0
DEBUG:root:Order:2 5 9
DEBUG:root:Order:15 5 9
DEBUG:root:Order:4 5 7
DEBUG:root:Order:9 5 7
DEBUG:root:Order:19 5 6
DEBUG:root:Finish turn

DEBUG:root:Order:2 5 1
DEBUG:root:Order:2 19 1
DEBUG:root:Order:2 4 2
DEBUG:root:Finish turn

DEBUG:root:Order:5 19 1
DEBUG:root:Finish turn

DEBUG:root:Order:2 19 2
DEBUG:root:Order:5 19 1
DEBUG:root:Order:5 9 2
DEBUG:root:Order:5 4 2
DEBUG:root:Finish turn

DEBUG:root:Order:2 19 2
DEBUG:root:Order:2 9 1
DEBUG:root:Order:2 5 2
DEBUG:root:Finish turn

DEBUG:root:Order:5 12 54.0
DEBUG:root:Order:15 5 9
DEBUG:root:Order:2 5 8
DEBUG:root:Order:4 5 8
DEBUG:root:Order:9 5 7
DEBUG:root:Order:19 5 6
DEBUG:root:Finish turn

DEBUG:root:Order:2 5 1
DEBUG:root:Order:2 19 1
DEBUG:root:Order:2 4 2
DEBUG:root:Finish turn

DEBUG:root:Order:5 11 13
DEBUG:root:Order:2 11 12
DEBUG:root:Order:4 11 12
DEBUG:root:Order:15 11 12
DEBUG:root:Order:9 11 10
DEBUG:root:Order:19 11 9
DEBUG:root:Finish turn

DEBUG:root:Order:2 11 2
DEBUG:root:Order:2 19 1
DEBUG:root:Order:2 4 2
DEBUG:root:Finish turn

DEBUG:root:Order:4 19 1
DEBUG:root:Order:11 19 1
DEBUG:root:Order:11 9 1
DEBUG:root:Finish turn

DEBUG:root:Order:2 19 8
DEBUG:root:Order:15 19 7
DEBUG:root:Order:11 19 6
DEBUG:root:Order:4 19 5
DEBUG:root:Order:9 19 5
DEBUG:root:Finish turn

DEBUG:root:Order:2 19 2
DEBUG:root:Order:11 19 1
DEBUG:root:Finish turn

DEBUG:root:Order:2 19 2
DEBUG:root:Order:11 19 1
DEBUG:root:Order:11 4 1
DEBUG:root:Order:11 9 1
DEBUG:root:Finish turn

DEBUG:root:Order:2 19 2
DEBUG:root:Order:2 4 1
DEBUG:root:Order:2 9 1
DEBUG:root:Finish turn

DEBUG:root:Order:11 13 62.0
DEBUG:root:Order:2 11 11
DEBUG:root:Order:15 11 11
DEBUG:root:Order:4 11 9
DEBUG:root:Order:9 11 9
DEBUG:root:Order:19 11 8
DEBUG:root:Finish turn

DEBUG:root:Order:2 11 1
DEBUG:root:Order:2 19 1
DEBUG:root:Order:2 4 2
DEBUG:root:Finish turn

DEBUG:root:Finish turn

DEBUG:root:Order:2 19 3
DEBUG:root:Order:11 19 1
DEBUG:root:Order:11 9 2
DEBUG:root:Finish turn

DEBUG:root:Order:11 14 62.0
DEBUG:root:Order:2 11 12
DEBUG:root:Order:15 11 11
DEBUG:root:Order:4 11 9
DEBUG:root:Order:9 11 9
DEBUG:root:Order:19 11 8
DEBUG:root:Finish turn

DEBUG:root:Order:2 11 1
DEBUG:root:Order:2 19 1
DEBUG:root:Order:2 4 2
DEBUG:root:Finish turn

DEBUG:root:Finish turn

DEBUG:root:Order:2 19 3
DEBUG:root:Order:11 19 1
DEBUG:root:Order:11 9 2
DEBUG:root:Finish turn

DEBUG:root:Order:19 7 64.0
DEBUG:root:Order:2 19 12
DEBUG:root:Order:15 19 11
DEBUG:root:Order:11 19 10
DEBUG:root:Order:4 19 9
DEBUG:root:Order:9 19 9
DEBUG:root:Finish turn

DEBUG:root:Order:2 19 3
DEBUG:root:Order:11 19 2
DEBUG:root:Order:15 19 1
DEBUG:root:Finish turn

DEBUG:root:Order:11 8 64.0
DEBUG:root:Order:2 11 12
DEBUG:root:Order:15 11 10
DEBUG:root:Order:4 11 9
DEBUG:root:Order:9 11 9
DEBUG:root:Order:19 11 8
DEBUG:root:Finish turn

DEBUG:root:Order:2 11 3
DEBUG:root:Order:2 19 1
DEBUG:root:Finish turn

DEBUG:root:Order:2 9 12
DEBUG:root:Order:15 9 12
DEBUG:root:Order:4 9 10
DEBUG:root:Order:19 9 9
DEBUG:root:Finish turn

DEBUG:root:Order:2 9 1
DEBUG:root:Order:2 19 1
DEBUG:root:Order:2 4 2
DEBUG:root:Finish turn

DEBUG:root:Order:2 19 1
DEBUG:root:Order:4 19 1
DEBUG:root:Order:4 9 1
DEBUG:root:Finish turn

DEBUG:root:Order:2 11 16
DEBUG:root:Order:15 11 15
DEBUG:root:Order:9 11 13
DEBUG:root:Order:4 11 11
DEBUG:root:Order:4 14 5
DEBUG:root:Finish turn

DEBUG:root:Bad order:2 12.0 14
DEBUG:root:Bad order:19 0.0 14
DEBUG:root:Order:11 13 12
DEBUG:root:Bad order:15 10.0 12
DEBUG:root:Order:9 13 11
DEBUG:root:Bad order:4 5.0 7
DEBUG:root:Finish turn

DEBUG:root:Bad order:2 17.0 22
DEBUG:root:Bad order:15 13.0 18
DEBUG:root:Bad order:4 7.0 12
DEBUG:root:Order:11 13 7
DEBUG:root:Order:9 13 5
DEBUG:root:Finish turn

DEBUG:root:Bad order:2 22.0 24
DEBUG:root:Order:2 13 15
DEBUG:root:Bad order:2 7.0 9
DEBUG:root:Order:2 19 5
DEBUG:root:Bad order:2 2.0 24
DEBUG:root:Bad order:15 16.0 18
DEBUG:root:Bad order:4 9.0 11
DEBUG:root:Bad order:8 1.0 3
DEBUG:root:Order:11 9 1
DEBUG:root:Finish turn

DEBUG:root:Order:15 12 19
DEBUG:root:Order:4 12 3
DEBUG:root:Bad order:4 8.0 11
DEBUG:root:Order:2 8 7
DEBUG:root:Order:11 8 2
DEBUG:root:Order:13 8 1
DEBUG:root:Finish turn

DEBUG:root:Order:4 8 6
DEBUG:root:Bad order:4 4.0 6
DEBUG:root:Order:4 19 3
DEBUG:root:Bad order:4 1.0 7
DEBUG:root:Order:2 9 2
DEBUG:root:Order:11 9 1
DEBUG:root:Order:13 9 1
DEBUG:root:Finish turn

DEBUG:root:Order:2 14 2
DEBUG:root:Order:9 14 2
DEBUG:root:Order:11 14 1
DEBUG:root:Order:11 4 1
DEBUG:root:Order:12 4 1
DEBUG:root:Order:12 8 1
DEBUG:root:Order:13 8 1
DEBUG:root:Order:13 19 1
DEBUG:root:Finish turn

DEBUG:root:Order:2 4 4
DEBUG:root:Order:11 4 2
DEBUG:root:Order:12 4 2
DEBUG:root:Order:13 4 2
DEBUG:root:Order:15 4 1
DEBUG:root:Order:15 19 1
DEBUG:root:Order:15 8 2
DEBUG:root:Order:9 8 1
DEBUG:root:Finish turn

DEBUG:root:Order:2 19 2
DEBUG:root:Order:2 4 1
DEBUG:root:Order:2 15 1
DEBUG:root:Order:2 9 2
DEBUG:root:Order:11 9 1
DEBUG:root:Order:12 9 1
DEBUG:root:Order:13 9 1
DEBUG:root:Finish turn

DEBUG:root:Order:9 19 2
DEBUG:root:Order:9 2 1
DEBUG:root:Order:9 4 1
DEBUG:root:Order:9 8 1
DEBUG:root:Order:9 15 3
DEBUG:root:Order:11 15 1
DEBUG:root:Order:12 15 1
DEBUG:root:Order:13 15 1
DEBUG:root:Finish turn

DEBUG:root:Order:15 2 10
DEBUG:root:Order:11 2 6
DEBUG:root:Order:12 2 6
DEBUG:root:Order:4 2 3
DEBUG:root:Order:8 2 2
DEBUG:root:Order:19 2 2
DEBUG:root:Finish turn

DEBUG:root:Order:11 4 3
DEBUG:root:Order:12 4 3
DEBUG:root:Order:2 4 2
DEBUG:root:Order:15 4 2
DEBUG:root:Finish turn

DEBUG:root:Order:11 17 69.0
DEBUG:root:Order:2 11 11
DEBUG:root:Order:12 11 10
DEBUG:root:Bad order:15 8.0 9
DEBUG:root:Order:9 11 8
DEBUG:root:Order:8 11 7
DEBUG:root:Order:19 11 7
DEBUG:root:Order:4 11 5
DEBUG:root:Finish turn

DEBUG:root:Order:15 7 11
DEBUG:root:Order:2 7 4
DEBUG:root:Order:12 7 2
DEBUG:root:Order:12 11 3
DEBUG:root:Order:4 11 1
DEBUG:root:Order:9 11 1
DEBUG:root:Finish turn

DEBUG:root:Order:15 7 1
DEBUG:root:Order:15 8 1
DEBUG:root:Finish turn

DEBUG:root:Order:12 9 7
DEBUG:root:Order:11 9 6
DEBUG:root:Order:15 9 5
DEBUG:root:Order:8 9 4
DEBUG:root:Order:7 9 3
DEBUG:root:Order:19 9 3
DEBUG:root:Finish turn

DEBUG:root:Order:11 9 2
DEBUG:root:Order:12 9 2
DEBUG:root:Order:15 9 1
DEBUG:root:Order:15 7 1
DEBUG:root:Finish turn

DEBUG:root:Order:11 8 1
DEBUG:root:Order:11 19 1
DEBUG:root:Order:11 7 2
DEBUG:root:Order:12 7 2
DEBUG:root:Finish turn

DEBUG:root:Bad order:7 4.0 7
DEBUG:root:Order:12 15 7
DEBUG:root:Order:11 15 5
DEBUG:root:Order:9 15 4
DEBUG:root:Order:8 15 3
DEBUG:root:Order:19 15 3
DEBUG:root:Finish turn

DEBUG:root:Bad order:7 5.0 8
DEBUG:root:Order:11 8 4
DEBUG:root:Order:12 8 4
DEBUG:root:Order:9 8 2
DEBUG:root:Order:19 8 1
DEBUG:root:Finish turn

DEBUG:root:Order:7 8 6
DEBUG:root:Bad order:7 0.0 6
DEBUG:root:Finish turn

DEBUG:root:Order:11 15 5
DEBUG:root:Order:11 8 1
DEBUG:root:Order:11 19 1
DEBUG:root:Finish turn

DEBUG:root:Order:9 8 1
DEBUG:root:Order:9 19 1
DEBUG:root:Finish turn

DEBUG:root:Bad order:11 2.0 6
DEBUG:root:Order:15 19 6
DEBUG:root:Order:8 19 3
DEBUG:root:Order:9 19 3
DEBUG:root:Order:9 17 3
DEBUG:root:Finish turn

DEBUG:root:Bad order:11 7.0 10
DEBUG:root:Order:15 17 3
DEBUG:root:Order:8 17 1
DEBUG:root:Finish turn

DEBUG:root:Order:11 8 3
DEBUG:root:Order:11 9 3
DEBUG:root:Order:11 19 3
DEBUG:root:Order:11 15 1
DEBUG:root:Finish turn

DEBUG:root:Order:11 8 1
DEBUG:root:Order:11 19 1
DEBUG:root:Order:11 9 1
DEBUG:root:Finish turn

DEBUG:root:Order:15 11 5
DEBUG:root:Order:9 11 4
DEBUG:root:Order:8 11 2
DEBUG:root:Order:19 11 2
DEBUG:root:Finish turn

DEBUG:root:Order:11 19 4
DEBUG:root:Order:15 19 4
DEBUG:root:Order:9 19 3
DEBUG:root:Order:8 19 2
DEBUG:root:Finish turn

DEBUG:root:Order:9 15 16
DEBUG:root:Bad order:19 10.0 15
DEBUG:root:Finish turn

DEBUG:root:Order:19 15 14
DEBUG:root:Finish turn

DEBUG:root:Order:15 19 1
DEBUG:root:Finish turn

DEBUG:root:Finish turn

DEBUG:root:Finish turn

DEBUG:root:Finish turn

DEBUG:root:Finish turn

DEBUG:root:Finish turn

DEBUG:root:Order:15 9 46
DEBUG:root:Finish turn

DEBUG:root:Finish turn

DEBUG:root:Order:15 9 1
DEBUG:root:Finish turn

DEBUG:root:Finish turn

DEBUG:root:Order:15 9 1
DEBUG:root:Finish turn

DEBUG:root:Finish turn

DEBUG:root:Finish turn

DEBUG:root:Finish turn

DEBUG:root:Finish turn

DEBUG:root:Finish turn

DEBUG:root:Finish turn

DEBUG:root:Finish turn

DEBUG:root:Finish turn

DEBUG:root:Finish turn

DEBUG:root:Finish turn

DEBUG:root:Finish turn

DEBUG:root:Finish turn

DEBUG:root:Finish turn

DEBUG:root:Finish turn

